# JRE version: Java(TM) SE Runtime Environment (17.0.2+8) (build 17.0.2+8-LTS-86)
# Java VM: Java HotSpot(TM) 64-Bit Server VM (17.0.2+8-LTS-86, mixed mode, sharing, tiered, compressed oops, compressed class ptrs, g1 gc, windows-amd64)
GC Precious Log:
 CPUs: 12 total, 12 available
 Memory: 16334M
 Large Page Support: Disabled
 NUMA Support: Disabled
 Compressed Oops: Enabled (Zero based)
 Heap Region Size: 2M
 Heap Min Capacity: 8M
 Heap Initial Capacity: 256M
 Heap Max Capacity: 3G
 Pre-touch: Disabled
 Parallel Workers: 10
 Concurrent Workers: 3
 Concurrent Refinement Workers: 10
 Periodic GC: Disabled
Heap:
 garbage-first heap   total 413696K, used 139982K [0x0000000740000000, 0x0000000800000000)
  region size 2048K, 23 young (47104K), 3 survivors (6144K)
 Metaspace       used 65093K, committed 65984K, reserved 1105920K
  class space    used 8772K, committed 9216K, reserved 1048576K
GC Heap History (20 events):
Event: 28.978 GC heap before
{Heap before GC invocations=25 (full 0):
 garbage-first heap   total 212992K, used 100494K [0x0000000740000000, 0x0000000800000000)
  region size 2048K, 6 young (12288K), 3 survivors (6144K)
 Metaspace       used 62779K, committed 63424K, reserved 1105920K
  class space    used 8659K, committed 8960K, reserved 1048576K
}
Event: 28.981 GC heap after
{Heap after GC invocations=26 (full 0):
 garbage-first heap   total 212992K, used 78037K [0x0000000740000000, 0x0000000800000000)
  region size 2048K, 3 young (6144K), 3 survivors (6144K)
 Metaspace       used 62779K, committed 63424K, reserved 1105920K
  class space    used 8659K, committed 8960K, reserved 1048576K
}
Event: 29.002 GC heap before
{Heap before GC invocations=26 (full 0):
 garbage-first heap   total 212992K, used 92373K [0x0000000740000000, 0x0000000800000000)
  region size 2048K, 5 young (10240K), 3 survivors (6144K)
 Metaspace       used 62780K, committed 63424K, reserved 1105920K
  class space    used 8659K, committed 8960K, reserved 1048576K
}
Event: 29.005 GC heap after
{Heap after GC invocations=27 (full 0):
 garbage-first heap   total 212992K, used 78087K [0x0000000740000000, 0x0000000800000000)
  region size 2048K, 3 young (6144K), 3 survivors (6144K)
 Metaspace       used 62780K, committed 63424K, reserved 1105920K
  class space    used 8659K, committed 8960K, reserved 1048576K
}
Event: 29.052 GC heap before
{Heap before GC invocations=27 (full 0):
 garbage-first heap   total 212992K, used 100615K [0x0000000740000000, 0x0000000800000000)
  region size 2048K, 7 young (14336K), 3 survivors (6144K)
 Metaspace       used 62827K, committed 63488K, reserved 1105920K
  class space    used 8659K, committed 8960K, reserved 1048576K
}
Event: 29.055 GC heap after
{Heap after GC invocations=28 (full 0):
 garbage-first heap   total 212992K, used 78076K [0x0000000740000000, 0x0000000800000000)
  region size 2048K, 3 young (6144K), 3 survivors (6144K)
 Metaspace       used 62827K, committed 63488K, reserved 1105920K
  class space    used 8659K, committed 8960K, reserved 1048576K
}
Event: 29.079 GC heap before
{Heap before GC invocations=28 (full 0):
 garbage-first heap   total 212992K, used 96508K [0x0000000740000000, 0x0000000800000000)
  region size 2048K, 5 young (10240K), 3 survivors (6144K)
 Metaspace       used 62834K, committed 63552K, reserved 1105920K
  class space    used 8659K, committed 8960K, reserved 1048576K
}
Event: 29.083 GC heap after
{Heap after GC invocations=29 (full 0):
 garbage-first heap   total 413696K, used 78161K [0x0000000740000000, 0x0000000800000000)
  region size 2048K, 3 young (6144K), 3 survivors (6144K)
 Metaspace       used 62834K, committed 63552K, reserved 1105920K
  class space    used 8659K, committed 8960K, reserved 1048576K
}
Event: 50.804 GC heap before
{Heap before GC invocations=29 (full 0):
 garbage-first heap   total 413696K, used 323921K [0x0000000740000000, 0x0000000800000000)
  region size 2048K, 71 young (145408K), 3 survivors (6144K)
 Metaspace       used 63709K, committed 64512K, reserved 1105920K
  class space    used 8734K, committed 9088K, reserved 1048576K
}
Event: 50.808 GC heap after
{Heap after GC invocations=30 (full 0):
 garbage-first heap   total 413696K, used 78411K [0x0000000740000000, 0x0000000800000000)
  region size 2048K, 3 young (6144K), 3 survivors (6144K)
 Metaspace       used 63709K, committed 64512K, reserved 1105920K
  class space    used 8734K, committed 9088K, reserved 1048576K
}
Event: 69.987 GC heap before
{Heap before GC invocations=30 (full 0):
 garbage-first heap   total 413696K, used 293451K [0x0000000740000000, 0x0000000800000000)
  region size 2048K, 56 young (114688K), 3 survivors (6144K)
 Metaspace       used 64076K, committed 64896K, reserved 1105920K
  class space    used 8743K, committed 9152K, reserved 1048576K
}
Event: 69.993 GC heap after
{Heap after GC invocations=31 (full 0):
 garbage-first heap   total 413696K, used 78679K [0x0000000740000000, 0x0000000800000000)
  region size 2048K, 3 young (6144K), 3 survivors (6144K)
 Metaspace       used 64076K, committed 64896K, reserved 1105920K
  class space    used 8743K, committed 9152K, reserved 1048576K
}
Event: 97.301 GC heap before
{Heap before GC invocations=31 (full 0):
 garbage-first heap   total 413696K, used 281431K [0x0000000740000000, 0x0000000800000000)
  region size 2048K, 50 young (102400K), 3 survivors (6144K)
 Metaspace       used 64438K, committed 65216K, reserved 1105920K
  class space    used 8752K, committed 9152K, reserved 1048576K
}
Event: 97.305 GC heap after
{Heap after GC invocations=32 (full 0):
 garbage-first heap   total 413696K, used 78768K [0x0000000740000000, 0x0000000800000000)
  region size 2048K, 3 young (6144K), 3 survivors (6144K)
 Metaspace       used 64438K, committed 65216K, reserved 1105920K
  class space    used 8752K, committed 9152K, reserved 1048576K
}
Event: 134.979 GC heap before
{Heap before GC invocations=32 (full 0):
 garbage-first heap   total 413696K, used 281520K [0x0000000740000000, 0x0000000800000000)
  region size 2048K, 50 young (102400K), 3 survivors (6144K)
 Metaspace       used 64709K, committed 65536K, reserved 1105920K
  class space    used 8761K, committed 9152K, reserved 1048576K
}
Event: 134.983 GC heap after
{Heap after GC invocations=33 (full 0):
 garbage-first heap   total 413696K, used 78692K [0x0000000740000000, 0x0000000800000000)
  region size 2048K, 3 young (6144K), 3 survivors (6144K)
 Metaspace       used 64709K, committed 65536K, reserved 1105920K
  class space    used 8761K, committed 9152K, reserved 1048576K
}
Event: 153.003 GC heap before
{Heap before GC invocations=33 (full 0):
 garbage-first heap   total 413696K, used 256868K [0x0000000740000000, 0x0000000800000000)
  region size 2048K, 45 young (92160K), 3 survivors (6144K)
 Metaspace       used 64985K, committed 65856K, reserved 1105920K
  class space    used 8772K, committed 9216K, reserved 1048576K
}
Event: 153.007 GC heap after
{Heap after GC invocations=34 (full 0):
 garbage-first heap   total 413696K, used 78238K [0x0000000740000000, 0x0000000800000000)
  region size 2048K, 3 young (6144K), 3 survivors (6144K)
 Metaspace       used 64985K, committed 65856K, reserved 1105920K
  class space    used 8772K, committed 9216K, reserved 1048576K
}
Event: 153.209 GC heap before
{Heap before GC invocations=34 (full 0):
 garbage-first heap   total 413696K, used 209310K [0x0000000740000000, 0x0000000800000000)
  region size 2048K, 16 young (32768K), 3 survivors (6144K)
 Metaspace       used 65002K, committed 65856K, reserved 1105920K
  class space    used 8772K, committed 9216K, reserved 1048576K
}
Event: 153.212 GC heap after
{Heap after GC invocations=35 (full 0):
 garbage-first heap   total 413696K, used 78542K [0x0000000740000000, 0x0000000800000000)
  region size 2048K, 3 young (6144K), 3 survivors (6144K)
 Metaspace       used 65002K, committed 65856K, reserved 1105920K
  class space    used 8772K, committed 9216K, reserved 1048576K
}

