# JRE version: Java(TM) SE Runtime Environment (17.0.2+8) (build 17.0.2+8-LTS-86)
# Java VM: Java HotSpot(TM) 64-Bit Server VM (17.0.2+8-LTS-86, mixed mode, sharing, tiered, compressed oops, compressed class ptrs, g1 gc, windows-amd64)
GC Precious Log:
 CPUs: 12 total, 12 available
 Memory: 16334M
 Large Page Support: Disabled
 NUMA Support: Disabled
 Compressed Oops: Enabled (Zero based)
 Heap Region Size: 2M
 Heap Min Capacity: 8M
 Heap Initial Capacity: 256M
 Heap Max Capacity: 3G
 Pre-touch: Disabled
 Parallel Workers: 10
 Concurrent Workers: 3
 Concurrent Refinement Workers: 10
 Periodic GC: Disabled
Heap:
 garbage-first heap   total 491520K, used 285707K [0x0000000740000000, 0x0000000800000000)
  region size 2048K, 30 young (61440K), 2 survivors (4096K)
 Metaspace       used 72978K, committed 74432K, reserved 1114112K
  class space    used 9464K, committed 10176K, reserved 1048576K
GC Heap History (20 events):
Event: 4952.038 GC heap before
{Heap before GC invocations=150 (full 0):
 garbage-first heap   total 491520K, used 145181K [0x0000000740000000, 0x0000000800000000)
  region size 2048K, 26 young (53248K), 2 survivors (4096K)
 Metaspace       used 72732K, committed 74112K, reserved 1114112K
  class space    used 9464K, committed 10176K, reserved 1048576K
}
Event: 4952.040 GC heap after
{Heap after GC invocations=151 (full 0):
 garbage-first heap   total 491520K, used 98758K [0x0000000740000000, 0x0000000800000000)
  region size 2048K, 2 young (4096K), 2 survivors (4096K)
 Metaspace       used 72732K, committed 74112K, reserved 1114112K
  class space    used 9464K, committed 10176K, reserved 1048576K
}
Event: 5025.919 GC heap before
{Heap before GC invocations=152 (full 0):
 garbage-first heap   total 491520K, used 473542K [0x0000000740000000, 0x0000000800000000)
  region size 2048K, 62 young (126976K), 2 survivors (4096K)
 Metaspace       used 72757K, committed 74240K, reserved 1114112K
  class space    used 9464K, committed 10176K, reserved 1048576K
}
Event: 5025.923 GC heap after
{Heap after GC invocations=153 (full 0):
 garbage-first heap   total 491520K, used 99363K [0x0000000740000000, 0x0000000800000000)
  region size 2048K, 2 young (4096K), 2 survivors (4096K)
 Metaspace       used 72757K, committed 74240K, reserved 1114112K
  class space    used 9464K, committed 10176K, reserved 1048576K
}
Event: 5026.024 GC heap before
{Heap before GC invocations=153 (full 0):
 garbage-first heap   total 491520K, used 128035K [0x0000000740000000, 0x0000000800000000)
  region size 2048K, 12 young (24576K), 2 survivors (4096K)
 Metaspace       used 72757K, committed 74240K, reserved 1114112K
  class space    used 9464K, committed 10176K, reserved 1048576K
}
Event: 5026.028 GC heap after
{Heap after GC invocations=154 (full 0):
 garbage-first heap   total 491520K, used 97600K [0x0000000740000000, 0x0000000800000000)
  region size 2048K, 2 young (4096K), 2 survivors (4096K)
 Metaspace       used 72757K, committed 74240K, reserved 1114112K
  class space    used 9464K, committed 10176K, reserved 1048576K
}
Event: 5028.869 GC heap before
{Heap before GC invocations=154 (full 0):
 garbage-first heap   total 491520K, used 140608K [0x0000000740000000, 0x0000000800000000)
  region size 2048K, 25 young (51200K), 2 survivors (4096K)
 Metaspace       used 72775K, committed 74240K, reserved 1114112K
  class space    used 9464K, committed 10176K, reserved 1048576K
}
Event: 5028.872 GC heap after
{Heap after GC invocations=155 (full 0):
 garbage-first heap   total 491520K, used 96958K [0x0000000740000000, 0x0000000800000000)
  region size 2048K, 2 young (4096K), 2 survivors (4096K)
 Metaspace       used 72775K, committed 74240K, reserved 1114112K
  class space    used 9464K, committed 10176K, reserved 1048576K
}
Event: 5103.151 GC heap before
{Heap before GC invocations=156 (full 0):
 garbage-first heap   total 491520K, used 475838K [0x0000000740000000, 0x0000000800000000)
  region size 2048K, 59 young (120832K), 2 survivors (4096K)
 Metaspace       used 72802K, committed 74240K, reserved 1114112K
  class space    used 9464K, committed 10176K, reserved 1048576K
}
Event: 5103.157 GC heap after
{Heap after GC invocations=157 (full 0):
 garbage-first heap   total 491520K, used 101675K [0x0000000740000000, 0x0000000800000000)
  region size 2048K, 4 young (8192K), 4 survivors (8192K)
 Metaspace       used 72802K, committed 74240K, reserved 1114112K
  class space    used 9464K, committed 10176K, reserved 1048576K
}
Event: 5105.416 GC heap before
{Heap before GC invocations=157 (full 0):
 garbage-first heap   total 491520K, used 116011K [0x0000000740000000, 0x0000000800000000)
  region size 2048K, 12 young (24576K), 4 survivors (8192K)
 Metaspace       used 72807K, committed 74304K, reserved 1114112K
  class space    used 9464K, committed 10176K, reserved 1048576K
}
Event: 5105.420 GC heap after
{Heap after GC invocations=158 (full 0):
 garbage-first heap   total 491520K, used 100260K [0x0000000740000000, 0x0000000800000000)
  region size 2048K, 2 young (4096K), 2 survivors (4096K)
 Metaspace       used 72807K, committed 74304K, reserved 1114112K
  class space    used 9464K, committed 10176K, reserved 1048576K
}
Event: 5166.807 GC heap before
{Heap before GC invocations=158 (full 0):
 garbage-first heap   total 491520K, used 133028K [0x0000000740000000, 0x0000000800000000)
  region size 2048K, 20 young (40960K), 2 survivors (4096K)
 Metaspace       used 72875K, committed 74368K, reserved 1114112K
  class space    used 9464K, committed 10176K, reserved 1048576K
}
Event: 5166.811 GC heap after
{Heap after GC invocations=159 (full 0):
 garbage-first heap   total 491520K, used 100970K [0x0000000740000000, 0x0000000800000000)
  region size 2048K, 2 young (4096K), 2 survivors (4096K)
 Metaspace       used 72875K, committed 74368K, reserved 1114112K
  class space    used 9464K, committed 10176K, reserved 1048576K
}
Event: 5205.092 GC heap before
{Heap before GC invocations=160 (full 0):
 garbage-first heap   total 491520K, used 473706K [0x0000000740000000, 0x0000000800000000)
  region size 2048K, 63 young (129024K), 2 survivors (4096K)
 Metaspace       used 72924K, committed 74368K, reserved 1114112K
  class space    used 9464K, committed 10176K, reserved 1048576K
}
Event: 5205.096 GC heap after
{Heap after GC invocations=161 (full 0):
 garbage-first heap   total 491520K, used 101000K [0x0000000740000000, 0x0000000800000000)
  region size 2048K, 2 young (4096K), 2 survivors (4096K)
 Metaspace       used 72924K, committed 74368K, reserved 1114112K
  class space    used 9464K, committed 10176K, reserved 1048576K
}
Event: 5205.197 GC heap before
{Heap before GC invocations=161 (full 0):
 garbage-first heap   total 491520K, used 135816K [0x0000000740000000, 0x0000000800000000)
  region size 2048K, 12 young (24576K), 2 survivors (4096K)
 Metaspace       used 72929K, committed 74368K, reserved 1114112K
  class space    used 9464K, committed 10176K, reserved 1048576K
}
Event: 5205.201 GC heap after
{Heap after GC invocations=162 (full 0):
 garbage-first heap   total 491520K, used 98891K [0x0000000740000000, 0x0000000800000000)
  region size 2048K, 2 young (4096K), 2 survivors (4096K)
 Metaspace       used 72929K, committed 74368K, reserved 1114112K
  class space    used 9464K, committed 10176K, reserved 1048576K
}
Event: 5348.275 GC heap before
{Heap before GC invocations=162 (full 0):
 garbage-first heap   total 491520K, used 150091K [0x0000000740000000, 0x0000000800000000)
  region size 2048K, 29 young (59392K), 2 survivors (4096K)
 Metaspace       used 72961K, committed 74368K, reserved 1114112K
  class space    used 9464K, committed 10176K, reserved 1048576K
}
Event: 5348.278 GC heap after
{Heap after GC invocations=163 (full 0):
 garbage-first heap   total 491520K, used 99339K [0x0000000740000000, 0x0000000800000000)
  region size 2048K, 2 young (4096K), 2 survivors (4096K)
 Metaspace       used 72961K, committed 74368K, reserved 1114112K
  class space    used 9464K, committed 10176K, reserved 1048576K
}

